TN:
SF:/media/cephas/WORK/recon_bootcamp/morpho2/recon_bootcamp/lib/chimera/src/Asserts.sol
DA:1,0
end_of_record

SF:/media/cephas/WORK/recon_bootcamp/morpho2/recon_bootcamp/lib/chimera/src/BaseProperties.sol
end_of_record

SF:/media/cephas/WORK/recon_bootcamp/morpho2/recon_bootcamp/lib/chimera/src/BaseSetup.sol
end_of_record

SF:/media/cephas/WORK/recon_bootcamp/morpho2/recon_bootcamp/lib/chimera/src/BaseTargetFunctions.sol
end_of_record

SF:/media/cephas/WORK/recon_bootcamp/morpho2/recon_bootcamp/lib/chimera/src/CryticAsserts.sol
DA:6,0
end_of_record

SF:/media/cephas/WORK/recon_bootcamp/morpho2/recon_bootcamp/lib/chimera/src/FoundryAsserts.sol
DA:7,0
end_of_record

SF:/media/cephas/WORK/recon_bootcamp/morpho2/recon_bootcamp/lib/chimera/src/Hevm.sol
end_of_record

SF:/media/cephas/WORK/recon_bootcamp/morpho2/recon_bootcamp/lib/forge-std/lib/ds-test/src/test.sol
DA:18,0
DA:38,5
DA:42,38
DA:47,1
DA:48,2
DA:49,0
DA:51,0
DA:52,3
DA:53,4
DA:54,16
DA:56,9
DA:59,4
DA:61,2
DA:80,3
end_of_record

SF:/media/cephas/WORK/recon_bootcamp/morpho2/recon_bootcamp/lib/forge-std/src/Base.sol
end_of_record

SF:/media/cephas/WORK/recon_bootcamp/morpho2/recon_bootcamp/lib/forge-std/src/StdAssertions.sol
end_of_record

SF:/media/cephas/WORK/recon_bootcamp/morpho2/recon_bootcamp/lib/forge-std/src/StdChains.sol
DA:66,2
end_of_record

SF:/media/cephas/WORK/recon_bootcamp/morpho2/recon_bootcamp/lib/forge-std/src/StdCheats.sol
end_of_record

SF:/media/cephas/WORK/recon_bootcamp/morpho2/recon_bootcamp/lib/forge-std/src/StdError.sol
DA:5,0
DA:6,0
DA:7,0
DA:8,0
DA:9,0
DA:10,0
DA:11,0
DA:12,0
DA:13,0
DA:14,0
end_of_record

SF:/media/cephas/WORK/recon_bootcamp/morpho2/recon_bootcamp/lib/forge-std/src/StdInvariant.sol
DA:73,2
DA:77,1
DA:81,1
DA:85,2
DA:89,2
DA:93,1
DA:97,2
DA:101,1
DA:105,2
end_of_record

SF:/media/cephas/WORK/recon_bootcamp/morpho2/recon_bootcamp/lib/forge-std/src/StdJson.sol
DA:29,0
end_of_record

SF:/media/cephas/WORK/recon_bootcamp/morpho2/recon_bootcamp/lib/forge-std/src/StdMath.sol
DA:4,0
end_of_record

SF:/media/cephas/WORK/recon_bootcamp/morpho2/recon_bootcamp/lib/forge-std/src/StdStorage.sol
DA:16,0
DA:234,0
end_of_record

SF:/media/cephas/WORK/recon_bootcamp/morpho2/recon_bootcamp/lib/forge-std/src/StdStyle.sol
DA:6,0
end_of_record

SF:/media/cephas/WORK/recon_bootcamp/morpho2/recon_bootcamp/lib/forge-std/src/StdUtils.sol
end_of_record

SF:/media/cephas/WORK/recon_bootcamp/morpho2/recon_bootcamp/lib/forge-std/src/Test.sol
end_of_record

SF:/media/cephas/WORK/recon_bootcamp/morpho2/recon_bootcamp/lib/forge-std/src/Vm.sol
end_of_record

SF:/media/cephas/WORK/recon_bootcamp/morpho2/recon_bootcamp/lib/forge-std/src/console.sol
DA:4,0
end_of_record

SF:/media/cephas/WORK/recon_bootcamp/morpho2/recon_bootcamp/lib/forge-std/src/console2.sol
DA:9,0
end_of_record

SF:/media/cephas/WORK/recon_bootcamp/morpho2/recon_bootcamp/lib/forge-std/src/interfaces/IMulticall3.sol
end_of_record

SF:/media/cephas/WORK/recon_bootcamp/morpho2/recon_bootcamp/lib/forge-std/src/mocks/MockERC20.sol
DA:6,0
DA:21,0
DA:23,0
DA:33,0
DA:43,0
DA:55,0
DA:58,0
DA:59,0
DA:61,0
DA:62,0
DA:72,0
DA:74,0
DA:80,0
DA:81,0
DA:83,0
DA:89,0
DA:91,0
DA:93,0
DA:94,0
DA:96,0
DA:109,0
DA:111,0
DA:112,0
DA:113,0
DA:115,0
DA:116,0
DA:117,0
DA:118,0
DA:124,0
DA:135,0
DA:137,0
DA:139,0
DA:142,0
DA:143,0
DA:146,0
DA:147,0
DA:148,0
DA:149,0
DA:150,0
DA:151,0
DA:153,0
DA:180,0
DA:182,0
DA:186,0
DA:187,0
DA:201,0
end_of_record

SF:/media/cephas/WORK/recon_bootcamp/morpho2/recon_bootcamp/lib/forge-std/src/mocks/MockERC721.sol
DA:6,0
DA:23,0
DA:36,0
DA:40,0
DA:51,0
DA:63,0
DA:66,0
DA:76,0
DA:78,0
DA:82,0
DA:86,0
DA:88,0
DA:91,0
DA:92,0
DA:94,0
DA:96,0
DA:97,0
DA:102,0
DA:108,0
DA:110,0
DA:114,0
DA:116,0
DA:117,0
DA:118,0
DA:125,0
DA:127,0
DA:128,0
DA:129,0
DA:140,0
DA:141,0
DA:142,0
DA:211,0
DA:215,0
end_of_record

SF:/media/cephas/WORK/recon_bootcamp/morpho2/recon_bootcamp/lib/forge-std/src/safeconsole.sol
DA:6,0
end_of_record

SF:/media/cephas/WORK/recon_bootcamp/morpho2/recon_bootcamp/src/Morpho.sol
DA:38,3515
DA:58,3
DA:60,0
DA:64,0
DA:66,0
DA:68,0
DA:70,0
DA:76,0
DA:81,0
DA:88,25
DA:96,8
DA:100,2
DA:105,3
DA:109,2
DA:114,5
DA:115,6
DA:119,2
DA:125,8
DA:126,6
DA:127,7
DA:130,4
DA:133,3
DA:135,2
DA:140,7
DA:144,4
DA:152,8
DA:153,8
DA:154,9
DA:157,3
DA:158,1
DA:160,2
DA:163,46
DA:177,12
DA:178,4
DA:179,7
DA:181,6
DA:183,14
DA:184,5
DA:186,4
DA:187,10
DA:188,9
DA:190,6
DA:192,3
DA:194,6
DA:208,13
DA:209,4
DA:210,2
DA:212,6
DA:214,6
DA:216,15
DA:217,5
DA:219,4
DA:220,10
DA:221,9
DA:223,7
DA:225,4
DA:227,4
DA:243,8
DA:244,4
DA:245,7
DA:247,6
DA:249,6
DA:251,18
DA:252,6
DA:254,12
DA:255,12
DA:256,14
DA:258,12
DA:259,10
DA:261,4
DA:263,6
DA:277,8
DA:278,2
DA:279,2
DA:281,6
DA:283,14
DA:284,6
DA:286,10
DA:287,11
DA:288,6
DA:291,6
DA:293,3
DA:295,5
DA:307,7
DA:308,2
DA:309,7
DA:313,11
DA:315,6
DA:317,3
DA:319,10
DA:327,7
DA:328,7
DA:329,7
DA:331,7
DA:333,6
DA:335,11
DA:337,8
DA:339,4
DA:341,4
DA:355,11
DA:356,4
DA:358,6
DA:361,37
DA:363,11
DA:368,12
DA:371,8
DA:374,6
DA:375,1
DA:378,6
DA:382,6
DA:384,11
DA:385,12
DA:386,6
DA:388,11
DA:390,1
DA:391,2
DA:392,8
DA:393,1
DA:395,1
DA:396,6
DA:399,11
DA:400,9
DA:401,11
DA:402,1
DA:406,3
DA:407,8
DA:410,7
DA:412,3
DA:414,7
DA:423,7
DA:425,10
DA:427,5
DA:429,22
DA:431,1
DA:438,16
DA:440,2
DA:442,3
DA:448,8
DA:449,12
DA:451,8
DA:452,2
DA:453,16
DA:455,15
DA:457,0
DA:459,0
DA:461,1
DA:467,5
DA:468,12
DA:476,5
DA:478,1
DA:483,5
DA:484,13
DA:485,15
DA:487,18
DA:488,45
DA:489,1
DA:490,11
DA:491,9
DA:493,1
DA:494,19
DA:499,9
DA:500,4
DA:501,10
DA:504,2
DA:508,1
DA:515,7
DA:516,7
DA:518,45
DA:520,10
DA:527,6
DA:532,8
DA:533,2
DA:535,1
DA:536,2
DA:538,2
DA:549,0
DA:550,0
DA:552,0
end_of_record

SF:/media/cephas/WORK/recon_bootcamp/morpho2/recon_bootcamp/src/interfaces/IERC20.sol
end_of_record

SF:/media/cephas/WORK/recon_bootcamp/morpho2/recon_bootcamp/src/interfaces/IIrm.sol
end_of_record

SF:/media/cephas/WORK/recon_bootcamp/morpho2/recon_bootcamp/src/interfaces/IMorpho.sol
end_of_record

SF:/media/cephas/WORK/recon_bootcamp/morpho2/recon_bootcamp/src/interfaces/IMorphoCallbacks.sol
end_of_record

SF:/media/cephas/WORK/recon_bootcamp/morpho2/recon_bootcamp/src/interfaces/IOracle.sol
end_of_record

SF:/media/cephas/WORK/recon_bootcamp/morpho2/recon_bootcamp/src/libraries/ConstantsLib.sol
DA:5,6
DA:8,10
DA:11,1
DA:14,4
DA:21,66
end_of_record

SF:/media/cephas/WORK/recon_bootcamp/morpho2/recon_bootcamp/src/libraries/ErrorsLib.sol
DA:8,0
DA:10,68
DA:16,38
DA:19,41
DA:22,12
DA:25,5
DA:28,284
DA:31,18
DA:37,29
DA:43,116
DA:46,65
DA:52,16
DA:58,0
DA:61,14
DA:67,17
DA:73,5
end_of_record

SF:/media/cephas/WORK/recon_bootcamp/morpho2/recon_bootcamp/src/libraries/EventsLib.sol
DA:10,0
end_of_record

SF:/media/cephas/WORK/recon_bootcamp/morpho2/recon_bootcamp/src/libraries/MarketParamsLib.sol
DA:10,0
DA:17,30
end_of_record

SF:/media/cephas/WORK/recon_bootcamp/morpho2/recon_bootcamp/src/libraries/MathLib.sol
DA:4,19
DA:10,0
DA:28,62
DA:32,3
DA:33,27
DA:39,6
DA:43,9
end_of_record

SF:/media/cephas/WORK/recon_bootcamp/morpho2/recon_bootcamp/src/libraries/SafeTransferLib.sol
DA:18,0
DA:19,3
DA:20,12
DA:23,34
DA:24,4
DA:25,31
DA:28,5
DA:29,12
DA:32,32
DA:33,4
DA:34,30
end_of_record

SF:/media/cephas/WORK/recon_bootcamp/morpho2/recon_bootcamp/src/libraries/SharesMathLib.sol
DA:12,0
DA:20,4
DA:24,4
DA:27,1
DA:32,2
DA:37,2
DA:38,4
DA:42,3
DA:43,4
end_of_record

SF:/media/cephas/WORK/recon_bootcamp/morpho2/recon_bootcamp/src/libraries/UtilsLib.sol
DA:11,0
DA:14,23
DA:21,29
DA:27,3
DA:28,9
DA:34,14
end_of_record

SF:/media/cephas/WORK/recon_bootcamp/morpho2/recon_bootcamp/src/libraries/periphery/MorphoBalancesLib.sol
DA:20,0
end_of_record

SF:/media/cephas/WORK/recon_bootcamp/morpho2/recon_bootcamp/src/libraries/periphery/MorphoLib.sol
DA:12,0
end_of_record

SF:/media/cephas/WORK/recon_bootcamp/morpho2/recon_bootcamp/src/libraries/periphery/MorphoStorageLib.sol
DA:11,0
end_of_record

SF:/media/cephas/WORK/recon_bootcamp/morpho2/recon_bootcamp/src/mocks/ERC20Mock.sol
DA:6,0
DA:10,0
DA:13,0
DA:14,0
DA:20,0
DA:22,0
DA:28,0
DA:30,0
DA:31,0
DA:33,0
DA:39,0
DA:41,0
DA:43,0
DA:45,0
DA:46,0
DA:48,0
end_of_record

SF:/media/cephas/WORK/recon_bootcamp/morpho2/recon_bootcamp/src/mocks/FlashBorrowerMock.sol
DA:8,0
DA:12,0
DA:16,0
DA:20,0
DA:21,0
DA:22,0
end_of_record

SF:/media/cephas/WORK/recon_bootcamp/morpho2/recon_bootcamp/src/mocks/IrmMock.sol
DA:9,274
DA:12,9
DA:13,11
DA:15,2
DA:19,1
end_of_record

SF:/media/cephas/WORK/recon_bootcamp/morpho2/recon_bootcamp/src/mocks/OracleMock.sol
DA:6,78
end_of_record

SF:/media/cephas/WORK/recon_bootcamp/morpho2/recon_bootcamp/src/mocks/interfaces/IERC20.sol
end_of_record

SF:/media/cephas/WORK/recon_bootcamp/morpho2/recon_bootcamp/test/recon/BeforeAfter.sol
end_of_record

SF:/media/cephas/WORK/recon_bootcamp/morpho2/recon_bootcamp/test/recon/CryticTester.sol
DA:9,3456
end_of_record

SF:/media/cephas/WORK/recon_bootcamp/morpho2/recon_bootcamp/test/recon/CryticToFoundry.sol
DA:9,0
end_of_record

SF:/media/cephas/WORK/recon_bootcamp/morpho2/recon_bootcamp/test/recon/Properties.sol
end_of_record

SF:/media/cephas/WORK/recon_bootcamp/morpho2/recon_bootcamp/test/recon/Setup.sol
DA:19,1
DA:21,1
DA:23,1
DA:25,1
DA:29,7
DA:32,4
DA:33,2
DA:35,1
DA:39,1
DA:43,42
DA:45,33
DA:47,32
DA:49,31
DA:52,36
DA:54,12
DA:55,1
DA:57,31
DA:58,31
DA:59,31
DA:61,46
DA:62,33
DA:64,47
DA:65,44
DA:68,29
end_of_record

SF:/media/cephas/WORK/recon_bootcamp/morpho2/recon_bootcamp/test/recon/TargetFunctions.sol
DA:13,18
DA:17,10
DA:21,17
DA:25,17
DA:29,18
DA:33,18
DA:37,17
DA:41,18
DA:45,18
DA:49,18
DA:53,10
DA:57,10
DA:61,26
DA:65,10
DA:69,10
DA:73,15
DA:74,2
DA:75,7
DA:80,45
DA:81,2
DA:83,7
DA:87,8
DA:91,41
DA:95,46
DA:96,7
DA:97,24
DA:101,33
DA:102,8
DA:106,32
DA:107,39
DA:109,7
DA:113,30
DA:115,11
end_of_record

SF:/media/cephas/WORK/recon_bootcamp/morpho2/recon_bootcamp/test/recon/mocks/ERC20.sol
DA:5,532
DA:18,3
DA:23,0
DA:24,0
DA:25,0
DA:26,0
DA:31,0
DA:32,0
DA:34,0
DA:35,0
DA:41,4
DA:42,2
DA:45,4
DA:50,0
DA:51,0
DA:55,0
DA:58,0
DA:59,0
DA:60,0
DA:61,0
DA:62,0
DA:64,0
DA:71,2
DA:74,9
DA:75,10
DA:76,22
DA:77,9
DA:78,4
DA:80,4
DA:81,4
DA:82,2
DA:87,6
DA:88,4
DA:89,2
DA:92,0
DA:93,0
DA:94,0
DA:95,0
DA:96,0
DA:98,0
DA:99,0
DA:100,0
DA:104,7
DA:105,3
DA:111,4
DA:115,0
DA:119,3
DA:130,0
DA:131,0
DA:132,0
DA:135,0
DA:138,0
DA:139,0
DA:140,0
DA:141,0
end_of_record

