TN:
SF:/media/cephas/WORK/recon_bootcamp/morpho2/recon_bootcamp/lib/chimera/src/Asserts.sol
DA:1,0
end_of_record

SF:/media/cephas/WORK/recon_bootcamp/morpho2/recon_bootcamp/lib/chimera/src/BaseProperties.sol
end_of_record

SF:/media/cephas/WORK/recon_bootcamp/morpho2/recon_bootcamp/lib/chimera/src/BaseSetup.sol
end_of_record

SF:/media/cephas/WORK/recon_bootcamp/morpho2/recon_bootcamp/lib/chimera/src/BaseTargetFunctions.sol
end_of_record

SF:/media/cephas/WORK/recon_bootcamp/morpho2/recon_bootcamp/lib/chimera/src/CryticAsserts.sol
DA:6,0
end_of_record

SF:/media/cephas/WORK/recon_bootcamp/morpho2/recon_bootcamp/lib/chimera/src/FoundryAsserts.sol
DA:7,0
end_of_record

SF:/media/cephas/WORK/recon_bootcamp/morpho2/recon_bootcamp/lib/chimera/src/Hevm.sol
end_of_record

SF:/media/cephas/WORK/recon_bootcamp/morpho2/recon_bootcamp/lib/forge-std/lib/ds-test/src/test.sol
DA:18,0
DA:38,0
DA:42,0
DA:47,0
DA:48,0
DA:49,0
DA:51,0
DA:52,0
DA:53,0
DA:54,0
DA:56,0
DA:59,0
DA:61,0
DA:80,0
end_of_record

SF:/media/cephas/WORK/recon_bootcamp/morpho2/recon_bootcamp/lib/forge-std/src/Base.sol
end_of_record

SF:/media/cephas/WORK/recon_bootcamp/morpho2/recon_bootcamp/lib/forge-std/src/StdAssertions.sol
end_of_record

SF:/media/cephas/WORK/recon_bootcamp/morpho2/recon_bootcamp/lib/forge-std/src/StdChains.sol
DA:66,0
end_of_record

SF:/media/cephas/WORK/recon_bootcamp/morpho2/recon_bootcamp/lib/forge-std/src/StdCheats.sol
end_of_record

SF:/media/cephas/WORK/recon_bootcamp/morpho2/recon_bootcamp/lib/forge-std/src/StdError.sol
DA:5,0
DA:6,0
DA:7,0
DA:8,0
DA:9,0
DA:10,0
DA:11,0
DA:12,0
DA:13,0
DA:14,0
end_of_record

SF:/media/cephas/WORK/recon_bootcamp/morpho2/recon_bootcamp/lib/forge-std/src/StdInvariant.sol
DA:73,0
DA:77,0
DA:81,0
DA:85,0
DA:89,0
DA:93,0
DA:97,0
DA:101,0
DA:105,0
end_of_record

SF:/media/cephas/WORK/recon_bootcamp/morpho2/recon_bootcamp/lib/forge-std/src/StdJson.sol
DA:29,0
end_of_record

SF:/media/cephas/WORK/recon_bootcamp/morpho2/recon_bootcamp/lib/forge-std/src/StdMath.sol
DA:4,0
end_of_record

SF:/media/cephas/WORK/recon_bootcamp/morpho2/recon_bootcamp/lib/forge-std/src/StdStorage.sol
DA:16,0
DA:234,0
end_of_record

SF:/media/cephas/WORK/recon_bootcamp/morpho2/recon_bootcamp/lib/forge-std/src/StdStyle.sol
DA:6,0
end_of_record

SF:/media/cephas/WORK/recon_bootcamp/morpho2/recon_bootcamp/lib/forge-std/src/StdUtils.sol
end_of_record

SF:/media/cephas/WORK/recon_bootcamp/morpho2/recon_bootcamp/lib/forge-std/src/Test.sol
end_of_record

SF:/media/cephas/WORK/recon_bootcamp/morpho2/recon_bootcamp/lib/forge-std/src/Vm.sol
end_of_record

SF:/media/cephas/WORK/recon_bootcamp/morpho2/recon_bootcamp/lib/forge-std/src/console.sol
DA:4,0
end_of_record

SF:/media/cephas/WORK/recon_bootcamp/morpho2/recon_bootcamp/lib/forge-std/src/console2.sol
DA:9,0
DA:10,2
DA:28,9
DA:226,6
DA:227,24
DA:807,25
end_of_record

SF:/media/cephas/WORK/recon_bootcamp/morpho2/recon_bootcamp/lib/forge-std/src/interfaces/IMulticall3.sol
end_of_record

SF:/media/cephas/WORK/recon_bootcamp/morpho2/recon_bootcamp/lib/forge-std/src/mocks/MockERC20.sol
DA:6,0
DA:21,0
DA:23,0
DA:33,0
DA:43,0
DA:55,0
DA:58,0
DA:59,0
DA:61,0
DA:62,0
DA:72,0
DA:74,0
DA:80,0
DA:81,0
DA:83,0
DA:89,0
DA:91,0
DA:93,0
DA:94,0
DA:96,0
DA:109,0
DA:111,0
DA:112,0
DA:113,0
DA:115,0
DA:116,0
DA:117,0
DA:118,0
DA:124,0
DA:135,0
DA:137,0
DA:139,0
DA:142,0
DA:143,0
DA:146,0
DA:147,0
DA:148,0
DA:149,0
DA:150,0
DA:151,0
DA:153,0
DA:180,0
DA:182,0
DA:186,0
DA:187,0
DA:201,0
end_of_record

SF:/media/cephas/WORK/recon_bootcamp/morpho2/recon_bootcamp/lib/forge-std/src/mocks/MockERC721.sol
DA:6,0
DA:23,0
DA:36,0
DA:40,0
DA:51,0
DA:63,0
DA:66,0
DA:76,0
DA:78,0
DA:82,0
DA:86,0
DA:88,0
DA:91,0
DA:92,0
DA:94,0
DA:96,0
DA:97,0
DA:102,0
DA:108,0
DA:110,0
DA:114,0
DA:116,0
DA:117,0
DA:118,0
DA:125,0
DA:127,0
DA:128,0
DA:129,0
DA:140,0
DA:141,0
DA:142,0
DA:211,0
DA:215,0
end_of_record

SF:/media/cephas/WORK/recon_bootcamp/morpho2/recon_bootcamp/lib/forge-std/src/safeconsole.sol
DA:6,0
end_of_record

SF:/media/cephas/WORK/recon_bootcamp/morpho2/recon_bootcamp/src/Morpho.sol
DA:40,3225
DA:60,0
DA:62,0
DA:66,0
DA:68,0
DA:70,0
DA:72,0
DA:78,0
DA:83,0
DA:90,25
DA:98,8
DA:102,2
DA:107,3
DA:111,2
DA:116,5
DA:117,6
DA:121,2
DA:127,8
DA:128,6
DA:129,7
DA:132,4
DA:135,3
DA:137,2
DA:142,7
DA:146,4
DA:154,8
DA:155,8
DA:156,9
DA:159,3
DA:160,1
DA:162,2
DA:165,46
DA:179,12
DA:180,4
DA:181,7
DA:183,6
DA:185,14
DA:186,5
DA:188,4
DA:189,10
DA:190,9
DA:192,10
DA:194,25
DA:196,6
DA:210,13
DA:211,4
DA:212,2
DA:214,6
DA:216,6
DA:218,15
DA:219,5
DA:221,4
DA:222,10
DA:223,9
DA:225,7
DA:227,4
DA:229,4
DA:245,8
DA:246,4
DA:247,7
DA:249,6
DA:251,6
DA:253,18
DA:254,6
DA:256,12
DA:257,12
DA:258,14
DA:260,12
DA:262,10
DA:264,4
DA:266,6
DA:280,8
DA:281,2
DA:282,2
DA:284,6
DA:286,14
DA:287,6
DA:289,9
DA:290,0
DA:291,0
DA:294,0
DA:296,0
DA:298,0
DA:310,7
DA:311,2
DA:312,7
DA:316,11
DA:318,10
DA:320,26
DA:322,10
DA:330,7
DA:331,7
DA:332,7
DA:334,7
DA:336,6
DA:338,11
DA:340,8
DA:342,4
DA:344,4
DA:358,6
DA:359,4
DA:361,6
DA:364,37
DA:366,10
DA:371,0
DA:374,0
DA:377,0
DA:378,0
DA:381,0
DA:385,0
DA:387,0
DA:388,1
DA:389,0
DA:391,0
DA:393,0
DA:394,0
DA:395,0
DA:396,0
DA:398,0
DA:399,0
DA:402,0
DA:403,0
DA:404,0
DA:405,0
DA:409,0
DA:410,0
DA:413,0
DA:415,0
DA:417,1
DA:426,7
DA:428,10
DA:430,5
DA:432,22
DA:434,1
DA:441,16
DA:443,2
DA:445,3
DA:451,8
DA:452,12
DA:454,8
DA:455,2
DA:456,16
DA:458,15
DA:460,0
DA:462,0
DA:464,1
DA:470,5
DA:471,12
DA:479,5
DA:481,1
DA:486,5
DA:487,13
DA:488,15
DA:490,18
DA:491,45
DA:492,1
DA:493,11
DA:494,9
DA:496,1
DA:497,19
DA:502,9
DA:503,4
DA:504,10
DA:507,2
DA:511,1
DA:518,7
DA:519,6
DA:520,5
DA:522,45
DA:524,10
DA:531,6
DA:536,9
DA:537,2
DA:539,1
DA:540,2
DA:543,1
DA:544,4
DA:545,4
DA:547,2
DA:558,0
DA:559,0
DA:561,0
end_of_record

SF:/media/cephas/WORK/recon_bootcamp/morpho2/recon_bootcamp/src/interfaces/IERC20.sol
end_of_record

SF:/media/cephas/WORK/recon_bootcamp/morpho2/recon_bootcamp/src/interfaces/IIrm.sol
end_of_record

SF:/media/cephas/WORK/recon_bootcamp/morpho2/recon_bootcamp/src/interfaces/IMorpho.sol
end_of_record

SF:/media/cephas/WORK/recon_bootcamp/morpho2/recon_bootcamp/src/interfaces/IMorphoCallbacks.sol
end_of_record

SF:/media/cephas/WORK/recon_bootcamp/morpho2/recon_bootcamp/src/interfaces/IOracle.sol
end_of_record

SF:/media/cephas/WORK/recon_bootcamp/morpho2/recon_bootcamp/src/libraries/ConstantsLib.sol
DA:5,6
DA:8,0
DA:11,0
DA:14,0
DA:21,66
end_of_record

SF:/media/cephas/WORK/recon_bootcamp/morpho2/recon_bootcamp/src/libraries/ErrorsLib.sol
DA:8,0
DA:10,65
DA:16,38
DA:19,41
DA:22,11
DA:25,5
DA:28,245
DA:31,18
DA:37,29
DA:43,109
DA:46,43
DA:52,16
DA:58,0
DA:61,14
DA:67,17
DA:73,5
end_of_record

SF:/media/cephas/WORK/recon_bootcamp/morpho2/recon_bootcamp/src/libraries/EventsLib.sol
DA:10,0
end_of_record

SF:/media/cephas/WORK/recon_bootcamp/morpho2/recon_bootcamp/src/libraries/MarketParamsLib.sol
DA:10,0
DA:17,30
end_of_record

SF:/media/cephas/WORK/recon_bootcamp/morpho2/recon_bootcamp/src/libraries/MathLib.sol
DA:4,9
DA:10,0
DA:28,54
DA:32,3
DA:33,13
DA:39,6
DA:43,9
end_of_record

SF:/media/cephas/WORK/recon_bootcamp/morpho2/recon_bootcamp/src/libraries/SafeTransferLib.sol
DA:18,0
DA:19,3
DA:20,12
DA:23,34
DA:24,4
DA:25,31
DA:28,5
DA:29,12
DA:32,32
DA:33,4
DA:34,30
end_of_record

SF:/media/cephas/WORK/recon_bootcamp/morpho2/recon_bootcamp/src/libraries/SharesMathLib.sol
DA:12,0
DA:20,4
DA:24,4
DA:27,1
DA:32,2
DA:37,2
DA:38,4
DA:42,3
DA:43,4
end_of_record

SF:/media/cephas/WORK/recon_bootcamp/morpho2/recon_bootcamp/src/libraries/UtilsLib.sol
DA:11,0
DA:14,21
DA:21,0
DA:27,3
DA:28,9
DA:34,0
end_of_record

SF:/media/cephas/WORK/recon_bootcamp/morpho2/recon_bootcamp/src/libraries/periphery/MorphoBalancesLib.sol
DA:20,0
end_of_record

SF:/media/cephas/WORK/recon_bootcamp/morpho2/recon_bootcamp/src/libraries/periphery/MorphoLib.sol
DA:12,0
end_of_record

SF:/media/cephas/WORK/recon_bootcamp/morpho2/recon_bootcamp/src/libraries/periphery/MorphoStorageLib.sol
DA:11,0
end_of_record

SF:/media/cephas/WORK/recon_bootcamp/morpho2/recon_bootcamp/src/mocks/ERC20Mock.sol
DA:6,0
DA:10,0
DA:13,0
DA:14,0
DA:20,0
DA:22,0
DA:28,0
DA:30,0
DA:31,0
DA:33,0
DA:39,0
DA:41,0
DA:43,0
DA:45,0
DA:46,0
DA:48,0
end_of_record

SF:/media/cephas/WORK/recon_bootcamp/morpho2/recon_bootcamp/src/mocks/FlashBorrowerMock.sol
DA:8,0
DA:12,0
DA:16,0
DA:20,0
DA:21,0
DA:22,0
end_of_record

SF:/media/cephas/WORK/recon_bootcamp/morpho2/recon_bootcamp/src/mocks/IrmMock.sol
DA:9,274
DA:12,9
DA:13,11
DA:15,2
DA:19,1
end_of_record

SF:/media/cephas/WORK/recon_bootcamp/morpho2/recon_bootcamp/src/mocks/OracleMock.sol
DA:6,78
end_of_record

SF:/media/cephas/WORK/recon_bootcamp/morpho2/recon_bootcamp/src/mocks/interfaces/IERC20.sol
end_of_record

SF:/media/cephas/WORK/recon_bootcamp/morpho2/recon_bootcamp/test/recon/BeforeAfter.sol
end_of_record

SF:/media/cephas/WORK/recon_bootcamp/morpho2/recon_bootcamp/test/recon/CryticTester.sol
DA:9,2454
end_of_record

SF:/media/cephas/WORK/recon_bootcamp/morpho2/recon_bootcamp/test/recon/CryticToFoundry.sol
DA:9,0
end_of_record

SF:/media/cephas/WORK/recon_bootcamp/morpho2/recon_bootcamp/test/recon/Properties.sol
end_of_record

SF:/media/cephas/WORK/recon_bootcamp/morpho2/recon_bootcamp/test/recon/Setup.sol
DA:19,1
DA:23,2
DA:26,4
DA:28,3
DA:31,1
DA:37,38
DA:39,28
DA:41,33
DA:43,31
DA:46,39
DA:48,14
DA:54,34
DA:55,31
DA:56,31
DA:58,58
DA:59,33
DA:60,51
DA:61,44
DA:64,33
DA:66,32
DA:69,46
DA:74,39
end_of_record

SF:/media/cephas/WORK/recon_bootcamp/morpho2/recon_bootcamp/test/recon/TargetFunctions.sol
DA:12,20
DA:16,41
DA:20,10
DA:24,17
DA:28,17
DA:32,20
DA:36,5
DA:40,8
DA:44,21
DA:48,23
DA:52,21
DA:56,21
DA:60,21
DA:64,8
DA:68,30
DA:72,8
DA:76,30
end_of_record

SF:/media/cephas/WORK/recon_bootcamp/morpho2/recon_bootcamp/test/recon/mocks/ERC20.sol
DA:5,509
DA:18,3
DA:23,0
DA:24,0
DA:25,0
DA:26,0
DA:31,0
DA:32,0
DA:34,0
DA:35,0
DA:41,4
DA:42,2
DA:45,4
DA:50,0
DA:51,0
DA:55,0
DA:58,0
DA:59,0
DA:60,0
DA:61,0
DA:62,0
DA:64,0
DA:71,2
DA:74,9
DA:75,10
DA:76,22
DA:77,9
DA:78,4
DA:80,4
DA:81,4
DA:82,2
DA:87,6
DA:88,4
DA:89,2
DA:92,0
DA:93,0
DA:94,0
DA:95,0
DA:96,0
DA:98,0
DA:99,0
DA:100,0
DA:104,7
DA:105,3
DA:111,4
DA:115,0
DA:119,3
DA:130,0
DA:131,0
DA:132,0
DA:135,0
DA:138,0
DA:139,0
DA:140,0
DA:141,0
end_of_record

