TN:
SF:/media/cephas/WORK/recon_bootcamp/morpho2/recon_bootcamp/lib/chimera/src/Asserts.sol
DA:1,0
end_of_record

SF:/media/cephas/WORK/recon_bootcamp/morpho2/recon_bootcamp/lib/chimera/src/BaseProperties.sol
end_of_record

SF:/media/cephas/WORK/recon_bootcamp/morpho2/recon_bootcamp/lib/chimera/src/BaseSetup.sol
end_of_record

SF:/media/cephas/WORK/recon_bootcamp/morpho2/recon_bootcamp/lib/chimera/src/BaseTargetFunctions.sol
end_of_record

SF:/media/cephas/WORK/recon_bootcamp/morpho2/recon_bootcamp/lib/chimera/src/CryticAsserts.sol
DA:6,0
end_of_record

SF:/media/cephas/WORK/recon_bootcamp/morpho2/recon_bootcamp/lib/chimera/src/FoundryAsserts.sol
DA:7,0
end_of_record

SF:/media/cephas/WORK/recon_bootcamp/morpho2/recon_bootcamp/lib/chimera/src/Hevm.sol
end_of_record

SF:/media/cephas/WORK/recon_bootcamp/morpho2/recon_bootcamp/lib/forge-std/lib/ds-test/src/test.sol
DA:18,0
DA:38,6
DA:42,38
DA:47,1
DA:48,2
DA:49,0
DA:52,3
DA:53,5
DA:54,15
DA:56,13
DA:59,8
DA:61,0
DA:80,4
end_of_record

SF:/media/cephas/WORK/recon_bootcamp/morpho2/recon_bootcamp/lib/forge-std/src/Base.sol
DA:27,39
end_of_record

SF:/media/cephas/WORK/recon_bootcamp/morpho2/recon_bootcamp/lib/forge-std/src/StdAssertions.sol
end_of_record

SF:/media/cephas/WORK/recon_bootcamp/morpho2/recon_bootcamp/lib/forge-std/src/StdChains.sol
DA:66,2
end_of_record

SF:/media/cephas/WORK/recon_bootcamp/morpho2/recon_bootcamp/lib/forge-std/src/StdCheats.sol
end_of_record

SF:/media/cephas/WORK/recon_bootcamp/morpho2/recon_bootcamp/lib/forge-std/src/StdError.sol
DA:5,0
DA:6,0
DA:7,0
DA:8,0
DA:9,0
DA:10,0
DA:11,0
DA:12,0
DA:13,0
DA:14,0
end_of_record

SF:/media/cephas/WORK/recon_bootcamp/morpho2/recon_bootcamp/lib/forge-std/src/StdInvariant.sol
DA:73,2
DA:77,2
DA:81,2
DA:85,2
DA:89,2
DA:93,2
DA:97,2
DA:101,2
DA:105,2
end_of_record

SF:/media/cephas/WORK/recon_bootcamp/morpho2/recon_bootcamp/lib/forge-std/src/StdJson.sol
DA:29,0
end_of_record

SF:/media/cephas/WORK/recon_bootcamp/morpho2/recon_bootcamp/lib/forge-std/src/StdMath.sol
DA:4,0
end_of_record

SF:/media/cephas/WORK/recon_bootcamp/morpho2/recon_bootcamp/lib/forge-std/src/StdStorage.sol
DA:16,0
DA:234,0
end_of_record

SF:/media/cephas/WORK/recon_bootcamp/morpho2/recon_bootcamp/lib/forge-std/src/StdStyle.sol
DA:6,0
end_of_record

SF:/media/cephas/WORK/recon_bootcamp/morpho2/recon_bootcamp/lib/forge-std/src/StdUtils.sol
end_of_record

SF:/media/cephas/WORK/recon_bootcamp/morpho2/recon_bootcamp/lib/forge-std/src/Test.sol
end_of_record

SF:/media/cephas/WORK/recon_bootcamp/morpho2/recon_bootcamp/lib/forge-std/src/Vm.sol
end_of_record

SF:/media/cephas/WORK/recon_bootcamp/morpho2/recon_bootcamp/lib/forge-std/src/console.sol
DA:4,0
end_of_record

SF:/media/cephas/WORK/recon_bootcamp/morpho2/recon_bootcamp/lib/forge-std/src/console2.sol
DA:9,0
DA:10,0
DA:28,0
DA:227,0
DA:243,0
end_of_record

SF:/media/cephas/WORK/recon_bootcamp/morpho2/recon_bootcamp/lib/forge-std/src/interfaces/IMulticall3.sol
end_of_record

SF:/media/cephas/WORK/recon_bootcamp/morpho2/recon_bootcamp/lib/forge-std/src/mocks/MockERC20.sol
DA:6,0
DA:21,0
DA:23,0
DA:29,0
DA:33,0
DA:43,0
DA:55,0
DA:58,0
DA:59,0
DA:61,0
DA:62,0
DA:72,0
DA:74,0
DA:80,0
DA:81,0
DA:83,0
DA:89,0
DA:91,0
DA:93,0
DA:94,0
DA:96,0
DA:109,0
DA:111,0
DA:112,0
DA:113,0
DA:115,0
DA:116,0
DA:117,0
DA:118,0
DA:124,0
DA:135,0
DA:137,0
DA:139,0
DA:142,0
DA:143,0
DA:146,0
DA:147,0
DA:148,0
DA:149,0
DA:150,0
DA:151,0
DA:153,0
DA:180,0
DA:182,0
DA:186,0
DA:187,0
DA:201,0
end_of_record

SF:/media/cephas/WORK/recon_bootcamp/morpho2/recon_bootcamp/lib/forge-std/src/mocks/MockERC721.sol
DA:6,0
DA:23,0
DA:36,0
DA:40,0
DA:42,0
DA:51,0
DA:63,0
DA:66,0
DA:76,0
DA:78,0
DA:82,0
DA:86,0
DA:88,0
DA:91,0
DA:92,0
DA:94,0
DA:96,0
DA:97,0
DA:102,0
DA:108,0
DA:110,0
DA:114,0
DA:116,0
DA:117,0
DA:118,0
DA:125,0
DA:127,0
DA:128,0
DA:129,0
DA:140,0
DA:141,0
DA:142,0
DA:211,0
DA:215,0
end_of_record

SF:/media/cephas/WORK/recon_bootcamp/morpho2/recon_bootcamp/lib/forge-std/src/safeconsole.sol
DA:6,0
end_of_record

SF:/media/cephas/WORK/recon_bootcamp/morpho2/recon_bootcamp/lib/openzeppelin-contracts/contracts/interfaces/draft-IERC6093.sol
end_of_record

SF:/media/cephas/WORK/recon_bootcamp/morpho2/recon_bootcamp/lib/openzeppelin-contracts/contracts/token/ERC20/ERC20.sol
DA:46,0
DA:54,0
DA:79,0
DA:86,0
DA:106,0
DA:152,0
DA:166,0
DA:167,0
DA:170,0
DA:186,0
DA:189,0
DA:190,0
DA:201,0
DA:210,0
DA:222,0
DA:223,0
DA:237,0
DA:238,0
DA:281,0
DA:282,0
DA:284,0
DA:285,0
DA:289,0
DA:303,0
DA:304,0
DA:305,0
end_of_record

SF:/media/cephas/WORK/recon_bootcamp/morpho2/recon_bootcamp/lib/openzeppelin-contracts/contracts/token/ERC20/IERC20.sol
end_of_record

SF:/media/cephas/WORK/recon_bootcamp/morpho2/recon_bootcamp/lib/openzeppelin-contracts/contracts/token/ERC20/extensions/IERC20Metadata.sol
end_of_record

SF:/media/cephas/WORK/recon_bootcamp/morpho2/recon_bootcamp/lib/openzeppelin-contracts/contracts/utils/Context.sol
DA:18,0
end_of_record

SF:/media/cephas/WORK/recon_bootcamp/morpho2/recon_bootcamp/src/Morpho.sol
DA:38,3397
DA:58,4
DA:60,0
DA:64,0
DA:66,0
DA:68,0
DA:70,0
DA:76,0
DA:81,0
DA:88,23
DA:96,8
DA:100,2
DA:105,4
DA:107,1
DA:109,2
DA:114,5
DA:115,6
DA:119,2
DA:125,11
DA:126,6
DA:127,7
DA:130,4
DA:133,1
DA:135,2
DA:140,9
DA:144,4
DA:152,9
DA:153,8
DA:154,11
DA:157,4
DA:158,1
DA:160,3
DA:163,51
DA:177,14
DA:178,4
DA:179,2
DA:181,6
DA:183,15
DA:184,5
DA:186,4
DA:187,10
DA:188,9
DA:190,6
DA:192,3
DA:194,6
DA:208,16
DA:209,4
DA:210,2
DA:212,6
DA:214,6
DA:216,16
DA:217,5
DA:219,4
DA:220,10
DA:221,9
DA:223,6
DA:225,7
DA:227,4
DA:243,16
DA:244,2
DA:245,2
DA:247,6
DA:249,6
DA:251,20
DA:252,9
DA:254,14
DA:255,11
DA:256,10
DA:258,8
DA:259,5
DA:261,4
DA:263,2
DA:277,15
DA:278,2
DA:279,2
DA:281,6
DA:283,19
DA:284,9
DA:286,14
DA:287,11
DA:288,6
DA:291,6
DA:293,3
DA:295,5
DA:307,8
DA:308,2
DA:309,7
DA:313,11
DA:315,6
DA:317,3
DA:319,9
DA:327,8
DA:328,7
DA:329,7
DA:331,7
DA:333,6
DA:335,11
DA:337,9
DA:339,4
DA:341,4
DA:355,19
DA:356,4
DA:358,6
DA:361,37
DA:363,15
DA:368,10
DA:371,14
DA:374,5
DA:375,2
DA:378,7
DA:382,8
DA:384,15
DA:385,12
DA:386,7
DA:388,12
DA:390,1
DA:391,1
DA:392,4
DA:393,0
DA:395,0
DA:396,0
DA:399,0
DA:400,0
DA:401,1
DA:402,0
DA:406,3
DA:407,7
DA:410,7
DA:412,3
DA:414,7
DA:423,7
DA:425,10
DA:427,5
DA:429,22
DA:431,1
DA:438,17
DA:440,2
DA:442,3
DA:448,7
DA:449,11
DA:451,10
DA:452,2
DA:453,12
DA:455,17
DA:457,0
DA:459,0
DA:461,0
DA:467,3
DA:468,9
DA:476,6
DA:478,1
DA:483,3
DA:484,23
DA:485,10
DA:487,14
DA:488,42
DA:489,4
DA:490,10
DA:491,9
DA:494,6
DA:495,1
DA:499,9
DA:500,5
DA:501,10
DA:504,3
DA:508,1
DA:515,4
DA:516,13
DA:518,38
DA:520,6
DA:527,6
DA:532,12
DA:533,4
DA:535,3
DA:536,2
DA:538,2
DA:549,0
DA:550,0
DA:552,0
end_of_record

SF:/media/cephas/WORK/recon_bootcamp/morpho2/recon_bootcamp/src/interfaces/IERC20.sol
end_of_record

SF:/media/cephas/WORK/recon_bootcamp/morpho2/recon_bootcamp/src/interfaces/IIrm.sol
end_of_record

SF:/media/cephas/WORK/recon_bootcamp/morpho2/recon_bootcamp/src/interfaces/IMorpho.sol
end_of_record

SF:/media/cephas/WORK/recon_bootcamp/morpho2/recon_bootcamp/src/interfaces/IMorphoCallbacks.sol
end_of_record

SF:/media/cephas/WORK/recon_bootcamp/morpho2/recon_bootcamp/src/interfaces/IOracle.sol
end_of_record

SF:/media/cephas/WORK/recon_bootcamp/morpho2/recon_bootcamp/src/libraries/ConstantsLib.sol
DA:5,6
DA:8,12
DA:11,2
DA:14,3
DA:21,67
end_of_record

SF:/media/cephas/WORK/recon_bootcamp/morpho2/recon_bootcamp/src/libraries/ErrorsLib.sol
DA:8,0
DA:10,62
DA:13,24
DA:19,49
DA:22,4
DA:25,4
DA:28,133
DA:31,25
DA:37,27
DA:40,11
DA:43,234
DA:46,11
DA:49,13
DA:52,19
DA:58,0
DA:61,4
DA:67,5
DA:73,17
end_of_record

SF:/media/cephas/WORK/recon_bootcamp/morpho2/recon_bootcamp/src/libraries/EventsLib.sol
DA:10,0
end_of_record

SF:/media/cephas/WORK/recon_bootcamp/morpho2/recon_bootcamp/src/libraries/MarketParamsLib.sol
DA:10,0
DA:17,32
end_of_record

SF:/media/cephas/WORK/recon_bootcamp/morpho2/recon_bootcamp/src/libraries/MathLib.sol
DA:4,18
DA:10,0
DA:28,51
DA:32,3
DA:33,30
DA:39,6
DA:43,9
end_of_record

SF:/media/cephas/WORK/recon_bootcamp/morpho2/recon_bootcamp/src/libraries/SafeTransferLib.sol
DA:18,0
DA:19,2
DA:20,12
DA:23,34
DA:24,4
DA:25,30
DA:28,5
DA:29,12
DA:32,27
DA:33,4
DA:34,31
end_of_record

SF:/media/cephas/WORK/recon_bootcamp/morpho2/recon_bootcamp/src/libraries/SharesMathLib.sol
DA:12,0
DA:20,4
DA:24,4
DA:27,1
DA:32,2
DA:37,2
DA:38,4
DA:42,5
DA:43,5
end_of_record

SF:/media/cephas/WORK/recon_bootcamp/morpho2/recon_bootcamp/src/libraries/UtilsLib.sol
DA:11,0
DA:14,17
DA:21,6
DA:27,4
DA:28,8
DA:34,14
end_of_record

SF:/media/cephas/WORK/recon_bootcamp/morpho2/recon_bootcamp/src/libraries/periphery/MorphoBalancesLib.sol
DA:20,0
end_of_record

SF:/media/cephas/WORK/recon_bootcamp/morpho2/recon_bootcamp/src/libraries/periphery/MorphoLib.sol
DA:12,0
end_of_record

SF:/media/cephas/WORK/recon_bootcamp/morpho2/recon_bootcamp/src/libraries/periphery/MorphoStorageLib.sol
DA:11,0
end_of_record

SF:/media/cephas/WORK/recon_bootcamp/morpho2/recon_bootcamp/src/mocks/ERC20Mock.sol
DA:6,0
DA:9,0
DA:10,0
DA:13,0
DA:14,0
DA:20,0
DA:22,0
DA:28,0
DA:30,0
DA:31,0
DA:33,0
DA:39,0
DA:41,0
DA:43,0
DA:45,0
DA:46,0
DA:48,0
end_of_record

SF:/media/cephas/WORK/recon_bootcamp/morpho2/recon_bootcamp/src/mocks/FlashBorrowerMock.sol
DA:8,0
DA:12,0
DA:16,0
DA:20,0
DA:21,0
DA:22,0
end_of_record

SF:/media/cephas/WORK/recon_bootcamp/morpho2/recon_bootcamp/src/mocks/IrmMock.sol
DA:9,256
DA:12,9
DA:13,10
DA:15,3
DA:19,1
end_of_record

SF:/media/cephas/WORK/recon_bootcamp/morpho2/recon_bootcamp/src/mocks/OracleMock.sol
DA:6,73
end_of_record

SF:/media/cephas/WORK/recon_bootcamp/morpho2/recon_bootcamp/src/mocks/interfaces/IERC20.sol
end_of_record

SF:/media/cephas/WORK/recon_bootcamp/morpho2/recon_bootcamp/test/recon/BeforeAfter.sol
end_of_record

SF:/media/cephas/WORK/recon_bootcamp/morpho2/recon_bootcamp/test/recon/CryticTester.sol
DA:9,3665
end_of_record

SF:/media/cephas/WORK/recon_bootcamp/morpho2/recon_bootcamp/test/recon/CryticToFoundry.sol
DA:9,0
DA:14,0
DA:18,0
DA:19,0
end_of_record

SF:/media/cephas/WORK/recon_bootcamp/morpho2/recon_bootcamp/test/recon/Properties.sol
end_of_record

SF:/media/cephas/WORK/recon_bootcamp/morpho2/recon_bootcamp/test/recon/Setup.sol
DA:21,1
DA:23,1
DA:25,1
DA:27,1
DA:29,5
DA:33,5
DA:36,3
DA:37,2
DA:39,1
DA:43,1
DA:46,0
DA:47,29
DA:48,27
DA:49,28
DA:50,23
DA:51,0
DA:52,0
DA:53,0
DA:55,0
DA:56,0
DA:58,0
DA:59,0
DA:60,0
DA:61,0
DA:62,0
DA:64,0
DA:69,38
DA:71,31
DA:73,30
DA:75,27
DA:78,45
DA:80,14
DA:81,1
DA:83,27
DA:84,28
DA:85,30
DA:87,32
DA:88,27
DA:90,28
DA:91,34
DA:94,29
end_of_record

SF:/media/cephas/WORK/recon_bootcamp/morpho2/recon_bootcamp/test/recon/TargetFunctions.sol
DA:13,20
DA:17,10
DA:21,19
DA:25,19
DA:29,19
DA:33,19
DA:37,18
DA:41,20
DA:45,20
DA:49,20
DA:53,10
DA:57,11
DA:61,31
DA:65,11
DA:69,11
DA:73,16
DA:77,10
DA:81,9
DA:85,10
DA:89,45
DA:93,48
DA:94,2
DA:95,28
DA:99,16
DA:103,31
DA:104,9
DA:108,31
DA:110,15
DA:115,41
DA:117,7
end_of_record

SF:/media/cephas/WORK/recon_bootcamp/morpho2/recon_bootcamp/test/recon/mocks/ERC20.sol
DA:5,475
DA:18,3
DA:23,0
DA:24,0
DA:25,0
DA:26,0
DA:27,0
DA:31,0
DA:32,0
DA:34,0
DA:35,0
DA:41,4
DA:42,2
DA:45,3
DA:50,0
DA:51,0
DA:55,0
DA:58,0
DA:59,0
DA:60,0
DA:61,0
DA:62,0
DA:64,0
DA:71,2
DA:74,6
DA:75,11
DA:76,22
DA:77,10
DA:78,5
DA:80,4
DA:81,4
DA:82,2
DA:83,1
DA:87,6
DA:88,6
DA:89,2
DA:92,0
DA:93,0
DA:94,0
DA:95,0
DA:96,0
DA:98,0
DA:99,0
DA:100,0
DA:104,2
DA:105,3
DA:111,4
DA:115,0
DA:119,3
DA:130,0
DA:131,0
DA:132,0
DA:135,0
DA:138,0
DA:139,0
DA:140,0
DA:141,0
end_of_record

SF:/media/cephas/WORK/recon_bootcamp/morpho2/recon_bootcamp/test/recon/mocks/IWETH.sol
end_of_record

SF:/media/cephas/WORK/recon_bootcamp/morpho2/recon_bootcamp/test/recon/mocks/weth.sol
DA:6,0
DA:7,0
DA:8,0
DA:10,0
DA:14,0
DA:16,0
DA:18,0
DA:22,0
end_of_record

